Watching for file changes with StatReloader
Performing system checks...

System check identified some issues:

WARNINGS:
todos.Todo: (models.W042) Auto-created primary key used when not defining a primary key type, by default 'django.db.models.AutoField'.
	HINT: Configure the DEFAULT_AUTO_FIELD setting or the TodosConfig.default_auto_field attribute to point to a subclass of AutoField, e.g. 'django.db.models.BigAutoField'.

System check identified 1 issue (0 silenced).
October 04, 2023 - 22:12:53
Django version 4.2.6, using settings 'todoApp.settings'
Starting development server at http://0.0.0.0:8005/
Quit the server with CONTROL-C.

Watching for file changes with StatReloader
Performing system checks...

System check identified some issues:

WARNINGS:
todos.Todo: (models.W042) Auto-created primary key used when not defining a primary key type, by default 'django.db.models.AutoField'.
	HINT: Configure the DEFAULT_AUTO_FIELD setting or the TodosConfig.default_auto_field attribute to point to a subclass of AutoField, e.g. 'django.db.models.BigAutoField'.

System check identified 1 issue (0 silenced).
Error: That port is already in use.
Watching for file changes with StatReloader
Performing system checks...

System check identified some issues:

WARNINGS:
todos.Todo: (models.W042) Auto-created primary key used when not defining a primary key type, by default 'django.db.models.AutoField'.
	HINT: Configure the DEFAULT_AUTO_FIELD setting or the TodosConfig.default_auto_field attribute to point to a subclass of AutoField, e.g. 'django.db.models.BigAutoField'.

System check identified 1 issue (0 silenced).
October 06, 2023 - 01:17:19
Django version 4.2.6, using settings 'todoApp.settings'
Starting development server at http://0.0.0.0:8000/
Quit the server with CONTROL-C.

Running from: /usr/share/jenkins/jenkins.war
webroot: /var/jenkins_home/war
2023-10-06 11:32:25.790+0000 [id=1]	INFO	winstone.Logger#logInternal: Beginning extraction from war file
2023-10-06 11:32:26.030+0000 [id=1]	WARNING	o.e.j.s.handler.ContextHandler#setContextPath: Empty contextPath
2023-10-06 11:32:26.193+0000 [id=1]	INFO	org.eclipse.jetty.server.Server#doStart: jetty-10.0.15; built: 2023-04-11T17:25:14.480Z; git: 68017dbd00236bb7e187330d7585a059610f661d; jvm 17.0.8.1+1
2023-10-06 11:32:26.837+0000 [id=1]	INFO	o.e.j.w.StandardDescriptorProcessor#visitServlet: NO JSP Support for /, did not find org.eclipse.jetty.jsp.JettyJspServlet
2023-10-06 11:32:26.957+0000 [id=1]	INFO	o.e.j.s.s.DefaultSessionIdManager#doStart: Session workerName=node0
2023-10-06 11:32:28.078+0000 [id=1]	INFO	hudson.WebAppMain#contextInitialized: Jenkins home directory: /var/jenkins_home found at: EnvVars.masterEnvVars.get("JENKINS_HOME")
2023-10-06 11:32:28.346+0000 [id=1]	INFO	o.e.j.s.handler.ContextHandler#doStart: Started w.@67207d8a{Jenkins v2.414.2,/,file:///var/jenkins_home/war/,AVAILABLE}{/var/jenkins_home/war}
2023-10-06 11:32:28.390+0000 [id=1]	INFO	o.e.j.server.AbstractConnector#doStart: Started ServerConnector@87a85e1{HTTP/1.1, (http/1.1)}{0.0.0.0:8080}
2023-10-06 11:32:28.416+0000 [id=1]	INFO	org.eclipse.jetty.server.Server#doStart: Started Server@5fd4f8f5{STARTING}[10.0.15,sto=0] @3839ms
2023-10-06 11:32:28.425+0000 [id=25]	INFO	winstone.Logger#logInternal: Winstone Servlet Engine running: controlPort=disabled
2023-10-06 11:32:28.879+0000 [id=31]	INFO	jenkins.InitReactorRunner$1#onAttained: Started initialization
2023-10-06 11:32:29.115+0000 [id=30]	INFO	jenkins.InitReactorRunner$1#onAttained: Listed all plugins
2023-10-06 11:32:35.940+0000 [id=31]	INFO	jenkins.InitReactorRunner$1#onAttained: Prepared all plugins
2023-10-06 11:32:36.085+0000 [id=30]	INFO	jenkins.InitReactorRunner$1#onAttained: Started all plugins
2023-10-06 11:32:37.330+0000 [id=30]	INFO	h.p.b.g.GlobalTimeOutConfiguration#load: global timeout not set
2023-10-06 11:32:38.338+0000 [id=30]	INFO	jenkins.InitReactorRunner$1#onAttained: Augmented all extensions
2023-10-06 11:32:38.919+0000 [id=31]	INFO	jenkins.InitReactorRunner$1#onAttained: System config loaded
2023-10-06 11:32:38.925+0000 [id=30]	INFO	jenkins.InitReactorRunner$1#onAttained: System config adapted
2023-10-06 11:32:38.957+0000 [id=30]	INFO	jenkins.InitReactorRunner$1#onAttained: Loaded all jobs
2023-10-06 11:32:38.972+0000 [id=31]	INFO	jenkins.InitReactorRunner$1#onAttained: Configuration for all jobs updated
2023-10-06 11:32:39.145+0000 [id=31]	INFO	jenkins.InitReactorRunner$1#onAttained: Completed initialization
2023-10-06 11:32:39.354+0000 [id=24]	INFO	hudson.lifecycle.Lifecycle#onReady: Jenkins is fully up and running
2023-10-06 11:56:53.082+0000 [id=26]	INFO	winstone.Logger#logInternal: JVM is terminating. Shutting down Jetty
2023-10-06 11:56:53.092+0000 [id=26]	INFO	org.eclipse.jetty.server.Server#doStop: Stopped Server@5fd4f8f5{STOPPING}[10.0.15,sto=0]
2023-10-06 11:56:53.094+0000 [id=88]	INFO	j.s.DefaultJnlpSlaveReceiver#channelClosed: Jetty (winstone)-88 for todoapp-dev terminated: java.nio.channels.ClosedChannelException
2023-10-06 11:56:53.099+0000 [id=88]	INFO	j.s.DefaultJnlpSlaveReceiver#channelClosed: Jetty (winstone)-88 for todoapp-dev terminated: java.nio.channels.ClosedChannelException
2023-10-06 11:56:53.107+0000 [id=26]	INFO	o.e.j.server.AbstractConnector#doStop: Stopped ServerConnector@87a85e1{HTTP/1.1, (http/1.1)}{0.0.0.0:8080}
2023-10-06 11:56:53.110+0000 [id=26]	INFO	hudson.lifecycle.Lifecycle#onStatusUpdate: Stopping Jenkins
2023-10-06 11:56:53.147+0000 [id=26]	INFO	jenkins.model.Jenkins$16#onAttained: Started termination
2023-10-06 11:56:53.162+0000 [id=26]	INFO	h.p.b.global.Lifecycle#shutdown: Shutdown complete - Global TimeOut ScheduledExecutorService had 0 tasks pending
2023-10-06 11:56:53.213+0000 [id=26]	INFO	jenkins.model.Jenkins$16#onAttained: Completed termination
2023-10-06 11:56:53.217+0000 [id=26]	INFO	jenkins.model.Jenkins#_cleanUpDisconnectComputers: Starting node disconnection
2023-10-06 11:56:53.255+0000 [id=26]	INFO	jenkins.model.Jenkins#_cleanUpShutdownPluginManager: Stopping plugin manager
2023-10-06 11:56:53.259+0000 [id=26]	INFO	jenkins.model.Jenkins#_cleanUpPersistQueue: Persisting build queue
2023-10-06 11:56:53.264+0000 [id=26]	INFO	jenkins.model.Jenkins#_cleanUpAwaitDisconnects: Waiting for node disconnection completion
2023-10-06 11:56:53.265+0000 [id=26]	INFO	hudson.lifecycle.Lifecycle#onStatusUpdate: Jenkins stopped
2023-10-06 11:56:53.268+0000 [id=26]	INFO	o.e.j.s.handler.ContextHandler#doStop: Stopped w.@67207d8a{Jenkins v2.414.2,/,null,STOPPED}{/var/jenkins_home/war}
